CRITICAL - 2024-04-26 01:28:06 --> Error: Undefined constant "CodeIgniter\Database\MySQLi\MYSQLI_STORE_RESULT"
[Method: CLI, Route: migrate]
in SYSTEMPATH/Database/Database.php on line 139.
 1 SYSTEMPATH/Database/Database.php(57): CodeIgniter\Database\Database->initDriver()
 2 SYSTEMPATH/Database/Config.php(84): CodeIgniter\Database\Database->load()
 3 SYSTEMPATH/Common.php(360): CodeIgniter\Database\Config::connect()
 4 SYSTEMPATH/Database/MigrationRunner.php(146): db_connect()
 5 SYSTEMPATH/Config/Services.php(419): CodeIgniter\Database\MigrationRunner->__construct()
 6 SYSTEMPATH/Config/BaseService.php(311): CodeIgniter\Config\Services::migrations()
 7 SYSTEMPATH/Config/BaseService.php(250): CodeIgniter\Config\BaseService::__callStatic()
 8 SYSTEMPATH/Config/Services.php(414): CodeIgniter\Config\BaseService::getSharedInstance()
 9 SYSTEMPATH/Config/BaseService.php(320): CodeIgniter\Config\Services::migrations()
10 SYSTEMPATH/Config/BaseService.php(201): CodeIgniter\Config\BaseService::__callStatic()
11 SYSTEMPATH/Common.php(998): CodeIgniter\Config\BaseService::get()
12 SYSTEMPATH/Commands/Database/Migrate.php(70): service()
13 SYSTEMPATH/CLI/Commands.php(70): CodeIgniter\Commands\Database\Migrate->run()
14 SYSTEMPATH/CLI/Console.php(48): CodeIgniter\CLI\Commands->run()
15 SYSTEMPATH/Boot.php(338): CodeIgniter\CLI\Console->run()
16 SYSTEMPATH/Boot.php(104): CodeIgniter\Boot::runCommand()
17 ROOTPATH/spark(84): CodeIgniter\Boot::bootSpark()
CRITICAL - 2024-04-26 01:29:16 --> Error: Undefined constant "CodeIgniter\Database\MySQLi\MYSQLI_STORE_RESULT"
[Method: CLI, Route: migrate]
in SYSTEMPATH/Database/Database.php on line 139.
 1 SYSTEMPATH/Database/Database.php(57): CodeIgniter\Database\Database->initDriver()
 2 SYSTEMPATH/Database/Config.php(84): CodeIgniter\Database\Database->load()
 3 SYSTEMPATH/Common.php(360): CodeIgniter\Database\Config::connect()
 4 SYSTEMPATH/Database/MigrationRunner.php(146): db_connect()
 5 SYSTEMPATH/Config/Services.php(419): CodeIgniter\Database\MigrationRunner->__construct()
 6 SYSTEMPATH/Config/BaseService.php(311): CodeIgniter\Config\Services::migrations()
 7 SYSTEMPATH/Config/BaseService.php(250): CodeIgniter\Config\BaseService::__callStatic()
 8 SYSTEMPATH/Config/Services.php(414): CodeIgniter\Config\BaseService::getSharedInstance()
 9 SYSTEMPATH/Config/BaseService.php(320): CodeIgniter\Config\Services::migrations()
10 SYSTEMPATH/Config/BaseService.php(201): CodeIgniter\Config\BaseService::__callStatic()
11 SYSTEMPATH/Common.php(998): CodeIgniter\Config\BaseService::get()
12 SYSTEMPATH/Commands/Database/Migrate.php(70): service()
13 SYSTEMPATH/CLI/Commands.php(70): CodeIgniter\Commands\Database\Migrate->run()
14 SYSTEMPATH/CLI/Console.php(48): CodeIgniter\CLI\Commands->run()
15 SYSTEMPATH/Boot.php(338): CodeIgniter\CLI\Console->run()
16 SYSTEMPATH/Boot.php(104): CodeIgniter\Boot::runCommand()
17 ROOTPATH/spark(84): CodeIgniter\Boot::bootSpark()
CRITICAL - 2024-04-26 01:31:03 --> Error: Undefined constant "CodeIgniter\Database\MySQLi\MYSQLI_STORE_RESULT"
[Method: CLI, Route: migrate]
in SYSTEMPATH/Database/Database.php on line 139.
 1 SYSTEMPATH/Database/Database.php(57): CodeIgniter\Database\Database->initDriver()
 2 SYSTEMPATH/Database/Config.php(84): CodeIgniter\Database\Database->load()
 3 SYSTEMPATH/Common.php(360): CodeIgniter\Database\Config::connect()
 4 SYSTEMPATH/Database/MigrationRunner.php(146): db_connect()
 5 SYSTEMPATH/Config/Services.php(419): CodeIgniter\Database\MigrationRunner->__construct()
 6 SYSTEMPATH/Config/BaseService.php(311): CodeIgniter\Config\Services::migrations()
 7 SYSTEMPATH/Config/BaseService.php(250): CodeIgniter\Config\BaseService::__callStatic()
 8 SYSTEMPATH/Config/Services.php(414): CodeIgniter\Config\BaseService::getSharedInstance()
 9 SYSTEMPATH/Config/BaseService.php(320): CodeIgniter\Config\Services::migrations()
10 SYSTEMPATH/Config/BaseService.php(201): CodeIgniter\Config\BaseService::__callStatic()
11 SYSTEMPATH/Common.php(998): CodeIgniter\Config\BaseService::get()
12 SYSTEMPATH/Commands/Database/Migrate.php(70): service()
13 SYSTEMPATH/CLI/Commands.php(70): CodeIgniter\Commands\Database\Migrate->run()
14 SYSTEMPATH/CLI/Console.php(48): CodeIgniter\CLI\Commands->run()
15 SYSTEMPATH/Boot.php(338): CodeIgniter\CLI\Console->run()
16 SYSTEMPATH/Boot.php(104): CodeIgniter\Boot::runCommand()
17 ROOTPATH/spark(84): CodeIgniter\Boot::bootSpark()
CRITICAL - 2024-04-26 01:39:40 --> Error: Undefined constant "CodeIgniter\Database\MySQLi\MYSQLI_STORE_RESULT"
[Method: CLI, Route: migrate]
in SYSTEMPATH/Database/Database.php on line 139.
 1 SYSTEMPATH/Database/Database.php(57): CodeIgniter\Database\Database->initDriver()
 2 SYSTEMPATH/Database/Config.php(84): CodeIgniter\Database\Database->load()
 3 SYSTEMPATH/Common.php(360): CodeIgniter\Database\Config::connect()
 4 SYSTEMPATH/Database/MigrationRunner.php(146): db_connect()
 5 SYSTEMPATH/Config/Services.php(419): CodeIgniter\Database\MigrationRunner->__construct()
 6 SYSTEMPATH/Config/BaseService.php(311): CodeIgniter\Config\Services::migrations()
 7 SYSTEMPATH/Config/BaseService.php(250): CodeIgniter\Config\BaseService::__callStatic()
 8 SYSTEMPATH/Config/Services.php(414): CodeIgniter\Config\BaseService::getSharedInstance()
 9 SYSTEMPATH/Config/BaseService.php(320): CodeIgniter\Config\Services::migrations()
10 SYSTEMPATH/Config/BaseService.php(201): CodeIgniter\Config\BaseService::__callStatic()
11 SYSTEMPATH/Common.php(998): CodeIgniter\Config\BaseService::get()
12 SYSTEMPATH/Commands/Database/Migrate.php(70): service()
13 SYSTEMPATH/CLI/Commands.php(70): CodeIgniter\Commands\Database\Migrate->run()
14 SYSTEMPATH/CLI/Console.php(48): CodeIgniter\CLI\Commands->run()
15 SYSTEMPATH/Boot.php(338): CodeIgniter\CLI\Console->run()
16 SYSTEMPATH/Boot.php(104): CodeIgniter\Boot::runCommand()
17 ROOTPATH/spark(84): CodeIgniter\Boot::bootSpark()
CRITICAL - 2024-04-26 01:45:00 --> Error: Undefined constant "CodeIgniter\Database\MySQLi\MYSQLI_STORE_RESULT"
[Method: CLI, Route: migrate]
in SYSTEMPATH/Database/Database.php on line 139.
 1 SYSTEMPATH/Database/Database.php(57): CodeIgniter\Database\Database->initDriver()
 2 SYSTEMPATH/Database/Config.php(84): CodeIgniter\Database\Database->load()
 3 SYSTEMPATH/Common.php(360): CodeIgniter\Database\Config::connect()
 4 SYSTEMPATH/Database/MigrationRunner.php(146): db_connect()
 5 SYSTEMPATH/Config/Services.php(419): CodeIgniter\Database\MigrationRunner->__construct()
 6 SYSTEMPATH/Config/BaseService.php(311): CodeIgniter\Config\Services::migrations()
 7 SYSTEMPATH/Config/BaseService.php(250): CodeIgniter\Config\BaseService::__callStatic()
 8 SYSTEMPATH/Config/Services.php(414): CodeIgniter\Config\BaseService::getSharedInstance()
 9 SYSTEMPATH/Config/BaseService.php(320): CodeIgniter\Config\Services::migrations()
10 SYSTEMPATH/Config/BaseService.php(201): CodeIgniter\Config\BaseService::__callStatic()
11 SYSTEMPATH/Common.php(998): CodeIgniter\Config\BaseService::get()
12 SYSTEMPATH/Commands/Database/Migrate.php(70): service()
13 SYSTEMPATH/CLI/Commands.php(70): CodeIgniter\Commands\Database\Migrate->run()
14 SYSTEMPATH/CLI/Console.php(48): CodeIgniter\CLI\Commands->run()
15 SYSTEMPATH/Boot.php(338): CodeIgniter\CLI\Console->run()
16 SYSTEMPATH/Boot.php(104): CodeIgniter\Boot::runCommand()
17 ROOTPATH/spark(84): CodeIgniter\Boot::bootSpark()
